2022-07-26 11:42:16,828 Callback->Connection initialized[radio://0/80/2M/E7E7E7E7E7]
2022-07-26 11:42:19,277 We are connected[radio://0/80/2M/E7E7E7E7E7], request connection setup
2022-07-26 11:42:19,290 Callback->Connected to [radio://0/80/2M/E7E7E7E7E7]
2022-07-26 11:42:19,294 Have successfully deleted id=1
2022-07-26 11:42:19,319 Protocol  version: 5
2022-07-26 11:42:19,366 TOC for port [5] found in cache
2022-07-26 11:42:19,367 Log TOC finished updating
2022-07-26 11:42:19,379 7 memories found
2022-07-26 11:42:19,597 Memories finished updating
2022-07-26 11:42:19,613 TOC for port [2] found in cache
2022-07-26 11:42:20,719 Param TOC finished updating
2022-07-26 11:42:20,719 Callback->Connection setup finished [radio://0/80/2M/E7E7E7E7E7]
2022-07-26 11:42:23,629 Have successfully started logging for id=1
2022-07-26 11:42:28,633 Have successfully stopped logging for id=1
2022-07-26 11:42:28,636 Have successfully deleted id=1
2022-07-26 11:42:28,651 Have successfully started logging for id=2
2022-07-26 11:42:28,660 {'ranging.distance0': 1.7332510948181152, 'ranging.distance1': 4.193676948547363, 'ranging.distance2': 4.761473655700684, 'ranging.distance3': 2.481762409210205, 'ranging.distance4': 3.19140625, 'ranging.distance5': 4.03125, 'ranging.distance6': 1.490234375, 'ranging.distance7': 2.552734375}
2022-07-26 11:42:28,670 {'ranging.distance0': 1.7332510948181152, 'ranging.distance1': 4.193676948547363, 'ranging.distance2': 4.761473655700684, 'ranging.distance3': 2.481762409210205, 'ranging.distance4': 3.173828125, 'ranging.distance5': 4.046875, 'ranging.distance6': 1.4873046875, 'ranging.distance7': 2.544921875}
2022-07-26 11:42:28,682 {'ranging.distance0': 1.7332510948181152, 'ranging.distance1': 4.193676948547363, 'ranging.distance2': 4.761473655700684, 'ranging.distance3': 2.476080894470215, 'ranging.distance4': 3.173828125, 'ranging.distance5': 4.046875, 'ranging.distance6': 1.4873046875, 'ranging.distance7': 2.544921875}
2022-07-26 11:42:28,694 {'ranging.distance0': 1.7332510948181152, 'ranging.distance1': 4.193676948547363, 'ranging.distance2': 4.761473655700684, 'ranging.distance3': 2.476080894470215, 'ranging.distance4': 3.140625, 'ranging.distance5': 4.078125, 'ranging.distance6': 1.51953125, 'ranging.distance7': 2.544921875}
2022-07-26 11:42:28,699 {'ranging.distance0': 1.7332510948181152, 'ranging.distance1': 4.154830455780029, 'ranging.distance2': 4.761473655700684, 'ranging.distance3': 2.45153546333313, 'ranging.distance4': 3.16015625, 'ranging.distance5': 4.078125, 'ranging.distance6': 1.51953125, 'ranging.distance7': 2.544921875}
2022-07-26 11:42:28,710 {'ranging.distance0': 1.6184108257293701, 'ranging.distance1': 4.154830455780029, 'ranging.distance2': 4.761473655700684, 'ranging.distance3': 2.45153546333313, 'ranging.distance4': 3.16015625, 'ranging.distance5': 4.01953125, 'ranging.distance6': 1.5234375, 'ranging.distance7': 2.544921875}
2022-07-26 11:42:28,720 {'ranging.distance0': 1.6184108257293701, 'ranging.distance1': 4.154830455780029, 'ranging.distance2': 4.761473655700684, 'ranging.distance3': 2.5017611980438232, 'ranging.distance4': 3.16015625, 'ranging.distance5': 4.01953125, 'ranging.distance6': 1.5234375, 'ranging.distance7': 2.544921875}
2022-07-26 11:42:28,731 {'ranging.distance0': 1.5952335596084595, 'ranging.distance1': 4.154830455780029, 'ranging.distance2': 4.761473655700684, 'ranging.distance3': 2.5017611980438232, 'ranging.distance4': 3.16015625, 'ranging.distance5': 4.03125, 'ranging.distance6': 1.4892578125, 'ranging.distance7': 2.544921875}
2022-07-26 11:42:28,740 {'ranging.distance0': 1.5952335596084595, 'ranging.distance1': 4.172041416168213, 'ranging.distance2': 4.761473655700684, 'ranging.distance3': 2.5017611980438232, 'ranging.distance4': 3.16015625, 'ranging.distance5': 4.015625, 'ranging.distance6': 1.4892578125, 'ranging.distance7': 2.544921875}
2022-07-26 11:42:28,750 {'ranging.distance0': 1.6597238779067993, 'ranging.distance1': 4.197978496551514, 'ranging.distance2': 4.713838577270508, 'ranging.distance3': 2.5017611980438232, 'ranging.distance4': 3.16015625, 'ranging.distance5': 4.015625, 'ranging.distance6': 1.517578125, 'ranging.distance7': 2.544921875}
2022-07-26 11:42:28,762 {'ranging.distance0': 1.6597238779067993, 'ranging.distance1': 4.197978496551514, 'ranging.distance2': 4.713838577270508, 'ranging.distance3': 2.4347176551818848, 'ranging.distance4': 3.16015625, 'ranging.distance5': 4.015625, 'ranging.distance6': 1.517578125, 'ranging.distance7': 2.544921875}
2022-07-26 11:42:28,769 {'ranging.distance0': 1.6597238779067993, 'ranging.distance1': 4.169448375701904, 'ranging.distance2': 4.756843090057373, 'ranging.distance3': 2.4347176551818848, 'ranging.distance4': 3.16015625, 'ranging.distance5': 4.015625, 'ranging.distance6': 1.48046875, 'ranging.distance7': 2.513671875}
2022-07-26 11:42:28,779 {'ranging.distance0': 1.6597238779067993, 'ranging.distance1': 4.169448375701904, 'ranging.distance2': 4.756843090057373, 'ranging.distance3': 2.4785234928131104, 'ranging.distance4': 3.177734375, 'ranging.distance5': 4.03125, 'ranging.distance6': 1.48046875, 'ranging.distance7': 2.513671875}
2022-07-26 11:42:28,790 {'ranging.distance0': 1.6597238779067993, 'ranging.distance1': 4.183413982391357, 'ranging.distance2': 4.756843090057373, 'ranging.distance3': 2.4785234928131104, 'ranging.distance4': 3.177734375, 'ranging.distance5': 4.03125, 'ranging.distance6': 1.48046875, 'ranging.distance7': 2.5625}
2022-07-26 11:42:28,802 {'ranging.distance0': 1.6597238779067993, 'ranging.distance1': 4.183413982391357, 'ranging.distance2': 4.756843090057373, 'ranging.distance3': 2.4603664875030518, 'ranging.distance4': 3.134765625, 'ranging.distance5': 4.03515625, 'ranging.distance6': 1.513671875, 'ranging.distance7': 2.5625}
2022-07-26 11:42:28,809 {'ranging.distance0': 1.5974714756011963, 'ranging.distance1': 4.1594085693359375, 'ranging.distance2': 4.780144691467285, 'ranging.distance3': 2.4603664875030518, 'ranging.distance4': 3.134765625, 'ranging.distance5': 4.03515625, 'ranging.distance6': 1.513671875, 'ranging.distance7': 2.537109375}
2022-07-26 11:42:28,819 {'ranging.distance0': 1.5974714756011963, 'ranging.distance1': 4.1594085693359375, 'ranging.distance2': 4.780144691467285, 'ranging.distance3': 2.497598171234131, 'ranging.distance4': 3.158203125, 'ranging.distance5': 4.0546875, 'ranging.distance6': 1.4794921875, 'ranging.distance7': 2.537109375}
2022-07-26 11:42:28,829 {'ranging.distance0': 1.5974714756011963, 'ranging.distance1': 4.154379844665527, 'ranging.distance2': 4.751408100128174, 'ranging.distance3': 2.4697213172912598, 'ranging.distance4': 3.158203125, 'ranging.distance5': 4.0546875, 'ranging.distance6': 1.4794921875, 'ranging.distance7': 2.541015625}
2022-07-26 11:42:28,838 {'ranging.distance0': 1.5974714756011963, 'ranging.distance1': 4.154379844665527, 'ranging.distance2': 4.751408100128174, 'ranging.distance3': 2.4697213172912598, 'ranging.distance4': 3.126953125, 'ranging.distance5': 4.0390625, 'ranging.distance6': 1.5205078125, 'ranging.distance7': 2.53125}
2022-07-26 11:42:28,850 {'ranging.distance0': 1.6248266696929932, 'ranging.distance1': 4.161247253417969, 'ranging.distance2': 4.751408100128174, 'ranging.distance3': 2.4944703578948975, 'ranging.distance4': 3.126953125, 'ranging.distance5': 4.0390625, 'ranging.distance6': 1.5205078125, 'ranging.distance7': 2.53125}
2022-07-26 11:42:28,858 {'ranging.distance0': 1.6248266696929932, 'ranging.distance1': 4.161247253417969, 'ranging.distance2': 4.751408100128174, 'ranging.distance3': 2.4944703578948975, 'ranging.distance4': 3.11328125, 'ranging.distance5': 4.04296875, 'ranging.distance6': 1.498046875, 'ranging.distance7': 2.548828125}
2022-07-26 11:42:28,868 {'ranging.distance0': 1.6248266696929932, 'ranging.distance1': 4.162500858306885, 'ranging.distance2': 4.7470316886901855, 'ranging.distance3': 2.4637460708618164, 'ranging.distance4': 3.11328125, 'ranging.distance5': 4.04296875, 'ranging.distance6': 1.498046875, 'ranging.distance7': 2.548828125}
2022-07-26 11:42:28,878 {'ranging.distance0': 1.6248266696929932, 'ranging.distance1': 4.162500858306885, 'ranging.distance2': 4.7470316886901855, 'ranging.distance3': 2.4637460708618164, 'ranging.distance4': 3.142578125, 'ranging.distance5': 4.06640625, 'ranging.distance6': 1.5, 'ranging.distance7': 2.595703125}
2022-07-26 11:42:28,890 {'ranging.distance0': 1.6020795106887817, 'ranging.distance1': 4.197588920593262, 'ranging.distance2': 4.751172065734863, 'ranging.distance3': 2.4637460708618164, 'ranging.distance4': 3.16796875, 'ranging.distance5': 4.06640625, 'ranging.distance6': 1.5, 'ranging.distance7': 2.595703125}
2022-07-26 11:42:28,898 {'ranging.distance0': 1.6020795106887817, 'ranging.distance1': 4.197588920593262, 'ranging.distance2': 4.751172065734863, 'ranging.distance3': 2.4637460708618164, 'ranging.distance4': 3.16796875, 'ranging.distance5': 4.03515625, 'ranging.distance6': 1.4609375, 'ranging.distance7': 2.595703125}
2022-07-26 11:42:28,908 {'ranging.distance0': 1.6020795106887817, 'ranging.distance1': 4.180542469024658, 'ranging.distance2': 4.751172065734863, 'ranging.distance3': 2.4797401428222656, 'ranging.distance4': 3.171875, 'ranging.distance5': 4.03515625, 'ranging.distance6': 1.4609375, 'ranging.distance7': 2.595703125}
2022-07-26 11:42:28,919 {'ranging.distance0': 1.6094610691070557, 'ranging.distance1': 4.180542469024658, 'ranging.distance2': 4.751172065734863, 'ranging.distance3': 2.4797401428222656, 'ranging.distance4': 3.171875, 'ranging.distance5': 4.06640625, 'ranging.distance6': 1.4990234375, 'ranging.distance7': 2.607421875}
2022-07-26 11:42:28,929 {'ranging.distance0': 1.6094610691070557, 'ranging.distance1': 4.180542469024658, 'ranging.distance2': 4.751172065734863, 'ranging.distance3': 2.499920129776001, 'ranging.distance4': 3.130859375, 'ranging.distance5': 4.03125, 'ranging.distance6': 1.4990234375, 'ranging.distance7': 2.607421875}
2022-07-26 11:42:28,940 {'ranging.distance0': 1.6447449922561646, 'ranging.distance1': 4.198512554168701, 'ranging.distance2': 4.751172065734863, 'ranging.distance3': 2.499920129776001, 'ranging.distance4': 3.130859375, 'ranging.distance5': 4.03125, 'ranging.distance6': 1.4990234375, 'ranging.distance7': 2.59375}
2022-07-26 11:42:28,950 {'ranging.distance0': 1.6447449922561646, 'ranging.distance1': 4.198512554168701, 'ranging.distance2': 4.751172065734863, 'ranging.distance3': 2.4817276000976562, 'ranging.distance4': 3.130859375, 'ranging.distance5': 4.03125, 'ranging.distance6': 1.4990234375, 'ranging.distance7': 2.59375}
2022-07-26 11:42:28,960 {'ranging.distance0': 1.6211496591567993, 'ranging.distance1': 4.1321635246276855, 'ranging.distance2': 4.751172065734863, 'ranging.distance3': 2.4817276000976562, 'ranging.distance4': 3.130859375, 'ranging.distance5': 4.01953125, 'ranging.distance6': 1.4990234375, 'ranging.distance7': 2.6796875}
2022-07-26 11:42:28,967 {'ranging.distance0': 1.6211496591567993, 'ranging.distance1': 4.1321635246276855, 'ranging.distance2': 4.751172065734863, 'ranging.distance3': 2.5416669845581055, 'ranging.distance4': 3.177734375, 'ranging.distance5': 4.01953125, 'ranging.distance6': 1.4990234375, 'ranging.distance7': 2.6796875}
2022-07-26 11:42:28,982 {'ranging.distance0': 1.6269158124923706, 'ranging.distance1': 4.1321635246276855, 'ranging.distance2': 4.751172065734863, 'ranging.distance3': 2.5416669845581055, 'ranging.distance4': 3.177734375, 'ranging.distance5': 3.994140625, 'ranging.distance6': 1.4990234375, 'ranging.distance7': 2.779296875}
2022-07-26 11:42:28,991 {'ranging.distance0': 1.6269158124923706, 'ranging.distance1': 4.172009468078613, 'ranging.distance2': 4.761622428894043, 'ranging.distance3': 2.524406909942627, 'ranging.distance4': 3.16796875, 'ranging.distance5': 4.06640625, 'ranging.distance6': 1.4990234375, 'ranging.distance7': 2.779296875}
2022-07-26 11:42:28,998 {'ranging.distance0': 1.6364895105361938, 'ranging.distance1': 4.172009468078613, 'ranging.distance2': 4.761622428894043, 'ranging.distance3': 2.524406909942627, 'ranging.distance4': 3.16796875, 'ranging.distance5': 4.06640625, 'ranging.distance6': 1.447265625, 'ranging.distance7': 2.064453125}
2022-07-26 11:42:29,010 {'ranging.distance0': 1.6364895105361938, 'ranging.distance1': 4.172009468078613, 'ranging.distance2': 4.796905517578125, 'ranging.distance3': 2.4894731044769287, 'ranging.distance4': 3.14453125, 'ranging.distance5': 4.0546875, 'ranging.distance6': 1.447265625, 'ranging.distance7': 2.064453125}
2022-07-26 11:42:29,019 {'ranging.distance0': 1.6122069358825684, 'ranging.distance1': 4.172009468078613, 'ranging.distance2': 4.796905517578125, 'ranging.distance3': 2.4894731044769287, 'ranging.distance4': 3.14453125, 'ranging.distance5': 4.0546875, 'ranging.distance6': 1.466796875, 'ranging.distance7': 2.09375}
2022-07-26 11:42:29,028 {'ranging.distance0': 1.6122069358825684, 'ranging.distance1': 4.172009468078613, 'ranging.distance2': 4.796905517578125, 'ranging.distance3': 2.4894731044769287, 'ranging.distance4': 3.138671875, 'ranging.distance5': 4.03515625, 'ranging.distance6': 1.466796875, 'ranging.distance7': 2.09375}
2022-07-26 11:42:29,039 {'ranging.distance0': 1.6405324935913086, 'ranging.distance1': 4.175164699554443, 'ranging.distance2': 4.796905517578125, 'ranging.distance3': 2.4894731044769287, 'ranging.distance4': 3.138671875, 'ranging.distance5': 4.03515625, 'ranging.distance6': 1.4619140625, 'ranging.distance7': 2.154296875}
2022-07-26 11:42:29,049 {'ranging.distance0': 1.6405324935913086, 'ranging.distance1': 4.175164699554443, 'ranging.distance2': 4.783170700073242, 'ranging.distance3': 2.573420524597168, 'ranging.distance4': 3.12109375, 'ranging.distance5': 4.03125, 'ranging.distance6': 1.4619140625, 'ranging.distance7': 2.154296875}
2022-07-26 11:42:29,059 {'ranging.distance0': 1.6090916395187378, 'ranging.distance1': 4.128325462341309, 'ranging.distance2': 4.783170700073242, 'ranging.distance3': 2.573420524597168, 'ranging.distance4': 3.12109375, 'ranging.distance5': 4.03125, 'ranging.distance6': 1.45703125, 'ranging.distance7': 2.154296875}
2022-07-26 11:42:29,068 {'ranging.distance0': 1.6090916395187378, 'ranging.distance1': 4.128325462341309, 'ranging.distance2': 4.751716136932373, 'ranging.distance3': 2.5889711380004883, 'ranging.distance4': 3.13671875, 'ranging.distance5': 4.03515625, 'ranging.distance6': 1.45703125, 'ranging.distance7': 2.154296875}
2022-07-26 11:42:29,080 {'ranging.distance0': 1.6226340532302856, 'ranging.distance1': 4.163084983825684, 'ranging.distance2': 4.751716136932373, 'ranging.distance3': 2.5889711380004883, 'ranging.distance4': 3.13671875, 'ranging.distance5': 4.03515625, 'ranging.distance6': 1.470703125, 'ranging.distance7': 2.2265625}
2022-07-26 11:42:29,089 {'ranging.distance0': 1.6226340532302856, 'ranging.distance1': 4.163084983825684, 'ranging.distance2': 4.739567279815674, 'ranging.distance3': 2.5889711380004883, 'ranging.distance4': 3.126953125, 'ranging.distance5': 4.0390625, 'ranging.distance6': 1.470703125, 'ranging.distance7': 2.2265625}
2022-07-26 11:42:29,099 {'ranging.distance0': 1.6104308366775513, 'ranging.distance1': 4.126908302307129, 'ranging.distance2': 4.739567279815674, 'ranging.distance3': 2.5889711380004883, 'ranging.distance4': 3.126953125, 'ranging.distance5': 4.0390625, 'ranging.distance6': 1.470703125, 'ranging.distance7': 2.2265625}
2022-07-26 11:42:29,113 {'ranging.distance0': 1.6104308366775513, 'ranging.distance1': 4.126908302307129, 'ranging.distance2': 4.739567279815674, 'ranging.distance3': 2.5889711380004883, 'ranging.distance4': 3.138671875, 'ranging.distance5': 4.02734375, 'ranging.distance6': 1.470703125, 'ranging.distance7': 2.2265625}
2022-07-26 11:42:29,118 {'ranging.distance0': 1.6299384832382202, 'ranging.distance1': 4.172024726867676, 'ranging.distance2': 4.739567279815674, 'ranging.distance3': 2.5889711380004883, 'ranging.distance4': 3.138671875, 'ranging.distance5': 4.02734375, 'ranging.distance6': 1.490234375, 'ranging.distance7': 2.28125}
2022-07-26 11:42:29,133 {'ranging.distance0': 1.6299384832382202, 'ranging.distance1': 4.172024726867676, 'ranging.distance2': 4.745460510253906, 'ranging.distance3': 2.528182029724121, 'ranging.distance4': 3.123046875, 'ranging.distance5': 4.02734375, 'ranging.distance6': 1.490234375, 'ranging.distance7': 2.28125}
2022-07-26 11:42:29,141 {'ranging.distance0': 1.5800530910491943, 'ranging.distance1': 4.172024726867676, 'ranging.distance2': 4.745460510253906, 'ranging.distance3': 2.528182029724121, 'ranging.distance4': 3.123046875, 'ranging.distance5': 4.02734375, 'ranging.distance6': 1.4697265625, 'ranging.distance7': 2.357421875}
2022-07-26 11:42:29,149 {'ranging.distance0': 1.5800530910491943, 'ranging.distance1': 4.172024726867676, 'ranging.distance2': 4.692641735076904, 'ranging.distance3': 2.5359153747558594, 'ranging.distance4': 3.08984375, 'ranging.distance5': 4.02734375, 'ranging.distance6': 1.4697265625, 'ranging.distance7': 2.357421875}
2022-07-26 11:42:29,158 {'ranging.distance0': 1.6405701637268066, 'ranging.distance1': 4.106013298034668, 'ranging.distance2': 4.692641735076904, 'ranging.distance3': 2.5359153747558594, 'ranging.distance4': 3.08984375, 'ranging.distance5': 4.02734375, 'ranging.distance6': 1.505859375, 'ranging.distance7': 2.392578125}
2022-07-26 11:42:29,170 {'ranging.distance0': 1.6405701637268066, 'ranging.distance1': 4.106013298034668, 'ranging.distance2': 4.701213836669922, 'ranging.distance3': 2.4719104766845703, 'ranging.distance4': 3.0703125, 'ranging.distance5': 4.03125, 'ranging.distance6': 1.505859375, 'ranging.distance7': 2.392578125}
2022-07-26 11:42:29,178 {'ranging.distance0': 1.6029481887817383, 'ranging.distance1': 4.247294902801514, 'ranging.distance2': 4.701213836669922, 'ranging.distance3': 2.4719104766845703, 'ranging.distance4': 3.0703125, 'ranging.distance5': 4.03125, 'ranging.distance6': 1.5908203125, 'ranging.distance7': 2.44140625}
2022-07-26 11:42:29,187 {'ranging.distance0': 1.6029481887817383, 'ranging.distance1': 4.247294902801514, 'ranging.distance2': 4.677609920501709, 'ranging.distance3': 2.4719104766845703, 'ranging.distance4': 3.068359375, 'ranging.distance5': 4.02734375, 'ranging.distance6': 1.5908203125, 'ranging.distance7': 2.44140625}
2022-07-26 11:42:29,197 {'ranging.distance0': 1.5784755945205688, 'ranging.distance1': 4.187906265258789, 'ranging.distance2': 4.677609920501709, 'ranging.distance3': 2.4719104766845703, 'ranging.distance4': 3.068359375, 'ranging.distance5': 4.02734375, 'ranging.distance6': 1.5693359375, 'ranging.distance7': 2.453125}
2022-07-26 11:42:29,210 {'ranging.distance0': 1.5784755945205688, 'ranging.distance1': 4.187906265258789, 'ranging.distance2': 4.653134822845459, 'ranging.distance3': 2.4989192485809326, 'ranging.distance4': 3.068359375, 'ranging.distance5': 4.0078125, 'ranging.distance6': 1.5693359375, 'ranging.distance7': 2.453125}
2022-07-26 11:42:29,219 {'ranging.distance0': 1.6021449565887451, 'ranging.distance1': 4.165480613708496, 'ranging.distance2': 4.653134822845459, 'ranging.distance3': 2.4989192485809326, 'ranging.distance4': 3.068359375, 'ranging.distance5': 4.0078125, 'ranging.distance6': 1.580078125, 'ranging.distance7': 2.48046875}
2022-07-26 11:42:29,229 {'ranging.distance0': 1.6021449565887451, 'ranging.distance1': 4.165480613708496, 'ranging.distance2': 4.635107040405273, 'ranging.distance3': 2.4989192485809326, 'ranging.distance4': 3.05859375, 'ranging.distance5': 3.98828125, 'ranging.distance6': 1.5419921875, 'ranging.distance7': 2.48046875}
2022-07-26 11:42:29,240 {'ranging.distance0': 1.6289798021316528, 'ranging.distance1': 4.1420416831970215, 'ranging.distance2': 4.705576419830322, 'ranging.distance3': 2.4989192485809326, 'ranging.distance4': 3.05859375, 'ranging.distance5': 3.98828125, 'ranging.distance6': 1.5419921875, 'ranging.distance7': 2.470703125}
2022-07-26 11:42:29,249 {'ranging.distance0': 1.6289798021316528, 'ranging.distance1': 4.1420416831970215, 'ranging.distance2': 4.705576419830322, 'ranging.distance3': 2.5199131965637207, 'ranging.distance4': 3.05859375, 'ranging.distance5': 3.990234375, 'ranging.distance6': 1.5361328125, 'ranging.distance7': 2.470703125}
2022-07-26 11:42:29,258 {'ranging.distance0': 1.5886887311935425, 'ranging.distance1': 4.13997220993042, 'ranging.distance2': 4.705576419830322, 'ranging.distance3': 2.5199131965637207, 'ranging.distance4': 3.05859375, 'ranging.distance5': 3.990234375, 'ranging.distance6': 1.5361328125, 'ranging.distance7': 2.48828125}
2022-07-26 11:42:29,269 {'ranging.distance0': 1.5886887311935425, 'ranging.distance1': 4.13997220993042, 'ranging.distance2': 4.769918918609619, 'ranging.distance3': 2.5096354484558105, 'ranging.distance4': 3.05859375, 'ranging.distance5': 3.953125, 'ranging.distance6': 1.521484375, 'ranging.distance7': 2.48828125}
2022-07-26 11:42:29,278 {'ranging.distance0': 1.5886887311935425, 'ranging.distance1': 4.112120628356934, 'ranging.distance2': 4.7370758056640625, 'ranging.distance3': 2.5096354484558105, 'ranging.distance4': 3.05859375, 'ranging.distance5': 3.953125, 'ranging.distance6': 1.521484375, 'ranging.distance7': 2.48828125}
2022-07-26 11:42:29,288 {'ranging.distance0': 1.5886887311935425, 'ranging.distance1': 4.112120628356934, 'ranging.distance2': 4.7370758056640625, 'ranging.distance3': 2.501504421234131, 'ranging.distance4': 3.048828125, 'ranging.distance5': 3.94140625, 'ranging.distance6': 1.5673828125, 'ranging.distance7': 2.48828125}
2022-07-26 11:42:29,299 {'ranging.distance0': 1.5846818685531616, 'ranging.distance1': 4.104544639587402, 'ranging.distance2': 4.805643558502197, 'ranging.distance3': 2.501504421234131, 'ranging.distance4': 3.048828125, 'ranging.distance5': 3.94140625, 'ranging.distance6': 1.5673828125, 'ranging.distance7': 2.466796875}
2022-07-26 11:42:29,309 {'ranging.distance0': 1.5846818685531616, 'ranging.distance1': 4.104544639587402, 'ranging.distance2': 4.805643558502197, 'ranging.distance3': 2.467996835708618, 'ranging.distance4': 3.037109375, 'ranging.distance5': 3.93359375, 'ranging.distance6': 1.5595703125, 'ranging.distance7': 2.466796875}
2022-07-26 11:42:29,319 {'ranging.distance0': 1.6281602382659912, 'ranging.distance1': 4.040197849273682, 'ranging.distance2': 4.805643558502197, 'ranging.distance3': 2.467996835708618, 'ranging.distance4': 3.037109375, 'ranging.distance5': 3.93359375, 'ranging.distance6': 1.5595703125, 'ranging.distance7': 2.466796875}
2022-07-26 11:42:29,330 {'ranging.distance0': 1.6281602382659912, 'ranging.distance1': 4.040197849273682, 'ranging.distance2': 4.805643558502197, 'ranging.distance3': 2.467996835708618, 'ranging.distance4': 3.005859375, 'ranging.distance5': 3.896484375, 'ranging.distance6': 1.5703125, 'ranging.distance7': 2.466796875}
2022-07-26 11:42:29,340 {'ranging.distance0': 1.6647673845291138, 'ranging.distance1': 4.011190891265869, 'ranging.distance2': 4.903043270111084, 'ranging.distance3': 2.467996835708618, 'ranging.distance4': 3.005859375, 'ranging.distance5': 3.896484375, 'ranging.distance6': 1.5703125, 'ranging.distance7': 2.361328125}
2022-07-26 11:42:29,347 {'ranging.distance0': 1.6647673845291138, 'ranging.distance1': 4.011190891265869, 'ranging.distance2': 4.903043270111084, 'ranging.distance3': 2.4372620582580566, 'ranging.distance4': 3.0234375, 'ranging.distance5': 3.865234375, 'ranging.distance6': 1.5703125, 'ranging.distance7': 2.361328125}
2022-07-26 11:42:29,362 {'ranging.distance0': 1.6585944890975952, 'ranging.distance1': 4.080320358276367, 'ranging.distance2': 4.8884100914001465, 'ranging.distance3': 2.4372620582580566, 'ranging.distance4': 3.0234375, 'ranging.distance5': 3.865234375, 'ranging.distance6': 1.5703125, 'ranging.distance7': 2.337890625}
2022-07-26 11:42:29,380 {'ranging.distance0': 1.6585944890975952, 'ranging.distance1': 4.080320358276367, 'ranging.distance2': 4.8884100914001465, 'ranging.distance3': 2.453400135040283, 'ranging.distance4': 2.978515625, 'ranging.distance5': 3.80859375, 'ranging.distance6': 1.533203125, 'ranging.distance7': 2.337890625}
2022-07-26 11:42:29,382 {'ranging.distance0': 1.66583251953125, 'ranging.distance1': 4.027307510375977, 'ranging.distance2': 4.8884100914001465, 'ranging.distance3': 2.453400135040283, 'ranging.distance4': 2.978515625, 'ranging.distance5': 3.80859375, 'ranging.distance6': 1.533203125, 'ranging.distance7': 2.33984375}
2022-07-26 11:42:29,391 {'ranging.distance0': 1.66583251953125, 'ranging.distance1': 4.027307510375977, 'ranging.distance2': 4.8884100914001465, 'ranging.distance3': 2.4364278316497803, 'ranging.distance4': 2.96484375, 'ranging.distance5': 3.748046875, 'ranging.distance6': 1.5107421875, 'ranging.distance7': 2.33984375}
2022-07-26 11:42:29,398 {'ranging.distance0': 1.6861906051635742, 'ranging.distance1': 4.027307510375977, 'ranging.distance2': 4.747096538543701, 'ranging.distance3': 2.4660592079162598, 'ranging.distance4': 2.96484375, 'ranging.distance5': 3.748046875, 'ranging.distance6': 1.5107421875, 'ranging.distance7': 2.33984375}
2022-07-26 11:42:29,410 {'ranging.distance0': 1.6861906051635742, 'ranging.distance1': 4.027307510375977, 'ranging.distance2': 4.747096538543701, 'ranging.distance3': 2.4660592079162598, 'ranging.distance4': 2.982421875, 'ranging.distance5': 3.759765625, 'ranging.distance6': 1.595703125, 'ranging.distance7': 2.318359375}
2022-07-26 11:42:29,417 {'ranging.distance0': 1.6540002822875977, 'ranging.distance1': 4.027307510375977, 'ranging.distance2': 4.727838516235352, 'ranging.distance3': 2.4454188346862793, 'ranging.distance4': 2.982421875, 'ranging.distance5': 3.759765625, 'ranging.distance6': 1.595703125, 'ranging.distance7': 2.318359375}
2022-07-26 11:42:29,428 {'ranging.distance0': 1.6540002822875977, 'ranging.distance1': 4.027307510375977, 'ranging.distance2': 4.727838516235352, 'ranging.distance3': 2.4454188346862793, 'ranging.distance4': 2.96875, 'ranging.distance5': 3.841796875, 'ranging.distance6': 1.599609375, 'ranging.distance7': 2.328125}
2022-07-26 11:42:29,438 {'ranging.distance0': 1.6580792665481567, 'ranging.distance1': 4.076516151428223, 'ranging.distance2': 4.78716516494751, 'ranging.distance3': 2.4600071907043457, 'ranging.distance4': 2.96875, 'ranging.distance5': 3.841796875, 'ranging.distance6': 1.599609375, 'ranging.distance7': 2.328125}
2022-07-26 11:42:29,450 {'ranging.distance0': 1.6580792665481567, 'ranging.distance1': 4.076516151428223, 'ranging.distance2': 4.78716516494751, 'ranging.distance3': 2.4600071907043457, 'ranging.distance4': 2.978515625, 'ranging.distance5': 3.931640625, 'ranging.distance6': 1.6669921875, 'ranging.distance7': 2.328125}
2022-07-26 11:42:29,458 {'ranging.distance0': 1.716925859451294, 'ranging.distance1': 4.062915802001953, 'ranging.distance2': 4.7853922843933105, 'ranging.distance3': 2.4399728775024414, 'ranging.distance4': 2.978515625, 'ranging.distance5': 3.931640625, 'ranging.distance6': 1.6669921875, 'ranging.distance7': 2.328125}
2022-07-26 11:42:29,468 {'ranging.distance0': 1.716925859451294, 'ranging.distance1': 4.062915802001953, 'ranging.distance2': 4.7853922843933105, 'ranging.distance3': 2.4399728775024414, 'ranging.distance4': 2.978515625, 'ranging.distance5': 3.96875, 'ranging.distance6': 1.6669921875, 'ranging.distance7': 2.365234375}
2022-07-26 11:42:29,477 {'ranging.distance0': 1.6954931020736694, 'ranging.distance1': 4.016011714935303, 'ranging.distance2': 4.755599498748779, 'ranging.distance3': 2.4961485862731934, 'ranging.distance4': 2.978515625, 'ranging.distance5': 3.96875, 'ranging.distance6': 1.6669921875, 'ranging.distance7': 2.365234375}
2022-07-26 11:42:29,488 {'ranging.distance0': 1.6954931020736694, 'ranging.distance1': 4.016011714935303, 'ranging.distance2': 4.755599498748779, 'ranging.distance3': 2.4961485862731934, 'ranging.distance4': 2.978515625, 'ranging.distance5': 3.947265625, 'ranging.distance6': 1.619140625, 'ranging.distance7': 2.33984375}
2022-07-26 11:42:29,498 {'ranging.distance0': 1.6956700086593628, 'ranging.distance1': 4.016011714935303, 'ranging.distance2': 4.8135666847229, 'ranging.distance3': 2.4961485862731934, 'ranging.distance4': 2.978515625, 'ranging.distance5': 3.947265625, 'ranging.distance6': 1.619140625, 'ranging.distance7': 2.33984375}
2022-07-26 11:42:29,507 {'ranging.distance0': 1.6956700086593628, 'ranging.distance1': 4.016011714935303, 'ranging.distance2': 4.8135666847229, 'ranging.distance3': 2.4961485862731934, 'ranging.distance4': 2.974609375, 'ranging.distance5': 3.966796875, 'ranging.distance6': 1.59375, 'ranging.distance7': 2.392578125}
2022-07-26 11:42:29,520 {'ranging.distance0': 1.6925729513168335, 'ranging.distance1': 4.03912353515625, 'ranging.distance2': 4.779273509979248, 'ranging.distance3': 2.528773784637451, 'ranging.distance4': 2.974609375, 'ranging.distance5': 3.966796875, 'ranging.distance6': 1.59375, 'ranging.distance7': 2.392578125}
2022-07-26 11:42:29,527 {'ranging.distance0': 1.6925729513168335, 'ranging.distance1': 4.03912353515625, 'ranging.distance2': 4.779273509979248, 'ranging.distance3': 2.528773784637451, 'ranging.distance4': 2.931640625, 'ranging.distance5': 3.943359375, 'ranging.distance6': 1.560546875, 'ranging.distance7': 2.400390625}
2022-07-26 11:42:29,537 {'ranging.distance0': 1.667479395866394, 'ranging.distance1': 4.017632007598877, 'ranging.distance2': 4.786304950714111, 'ranging.distance3': 2.5495121479034424, 'ranging.distance4': 2.931640625, 'ranging.distance5': 3.943359375, 'ranging.distance6': 1.560546875, 'ranging.distance7': 2.400390625}
2022-07-26 11:42:29,554 {'ranging.distance0': 1.667479395866394, 'ranging.distance1': 4.017632007598877, 'ranging.distance2': 4.786304950714111, 'ranging.distance3': 2.5495121479034424, 'ranging.distance4': 2.9140625, 'ranging.distance5': 3.943359375, 'ranging.distance6': 1.6015625, 'ranging.distance7': 2.41796875}
2022-07-26 11:42:29,559 {'ranging.distance0': 1.687270998954773, 'ranging.distance1': 4.018081188201904, 'ranging.distance2': 4.579638481140137, 'ranging.distance3': 2.5631144046783447, 'ranging.distance4': 2.9140625, 'ranging.distance5': 3.943359375, 'ranging.distance6': 1.6015625, 'ranging.distance7': 2.41796875}
2022-07-26 11:42:29,570 {'ranging.distance0': 1.687270998954773, 'ranging.distance1': 4.018081188201904, 'ranging.distance2': 4.579638481140137, 'ranging.distance3': 2.5631144046783447, 'ranging.distance4': 2.908203125, 'ranging.distance5': 3.9765625, 'ranging.distance6': 1.5859375, 'ranging.distance7': 2.38671875}
2022-07-26 11:42:29,585 {'ranging.distance0': 1.6056712865829468, 'ranging.distance1': 4.039824962615967, 'ranging.distance2': 4.6197428703308105, 'ranging.distance3': 2.5437815189361572, 'ranging.distance4': 2.908203125, 'ranging.distance5': 3.9765625, 'ranging.distance6': 1.5859375, 'ranging.distance7': 2.38671875}
2022-07-26 11:42:29,587 {'ranging.distance0': 1.6519439220428467, 'ranging.distance1': 4.039824962615967, 'ranging.distance2': 4.6197428703308105, 'ranging.distance3': 2.5437815189361572, 'ranging.distance4': 2.908203125, 'ranging.distance5': 3.9765625, 'ranging.distance6': 1.5546875, 'ranging.distance7': 2.390625}
2022-07-26 11:42:29,600 {'ranging.distance0': 1.6519439220428467, 'ranging.distance1': 4.039824962615967, 'ranging.distance2': 4.616525173187256, 'ranging.distance3': 2.5769529342651367, 'ranging.distance4': 2.96875, 'ranging.distance5': 3.9765625, 'ranging.distance6': 1.5546875, 'ranging.distance7': 2.390625}
2022-07-26 11:42:29,611 {'ranging.distance0': 1.6540000438690186, 'ranging.distance1': 4.039824962615967, 'ranging.distance2': 4.616525173187256, 'ranging.distance3': 2.5769529342651367, 'ranging.distance4': 2.96875, 'ranging.distance5': 3.95703125, 'ranging.distance6': 1.580078125, 'ranging.distance7': 2.443359375}
2022-07-26 11:42:29,618 {'ranging.distance0': 1.6540000438690186, 'ranging.distance1': 4.046225547790527, 'ranging.distance2': 4.669201374053955, 'ranging.distance3': 2.5540854930877686, 'ranging.distance4': 2.96875, 'ranging.distance5': 3.95703125, 'ranging.distance6': 1.580078125, 'ranging.distance7': 2.443359375}
2022-07-26 11:42:29,628 {'ranging.distance0': 1.6371560096740723, 'ranging.distance1': 4.009993553161621, 'ranging.distance2': 4.669201374053955, 'ranging.distance3': 2.5540854930877686, 'ranging.distance4': 2.96875, 'ranging.distance5': 3.9296875, 'ranging.distance6': 1.580078125, 'ranging.distance7': 2.44140625}
2022-07-26 11:42:29,638 {'ranging.distance0': 1.6371560096740723, 'ranging.distance1': 4.009993553161621, 'ranging.distance2': 4.646480560302734, 'ranging.distance3': 2.510108232498169, 'ranging.distance4': 2.96875, 'ranging.distance5': 3.96484375, 'ranging.distance6': 1.580078125, 'ranging.distance7': 2.44140625}
2022-07-26 11:42:29,649 {'ranging.distance0': 1.5547549724578857, 'ranging.distance1': 3.9843146800994873, 'ranging.distance2': 4.646480560302734, 'ranging.distance3': 2.510108232498169, 'ranging.distance4': 2.96875, 'ranging.distance5': 3.96484375, 'ranging.distance6': 1.5517578125, 'ranging.distance7': 2.451171875}
2022-07-26 11:42:29,659 {'ranging.distance0': 1.5547549724578857, 'ranging.distance1': 3.9843146800994873, 'ranging.distance2': 4.641098976135254, 'ranging.distance3': 2.400242328643799, 'ranging.distance4': 2.990234375, 'ranging.distance5': 3.9609375, 'ranging.distance6': 1.5517578125, 'ranging.distance7': 2.451171875}
2022-07-26 11:42:29,669 {'ranging.distance0': 1.5622638463974, 'ranging.distance1': 4.01596212387085, 'ranging.distance2': 4.641098976135254, 'ranging.distance3': 2.400242328643799, 'ranging.distance4': 2.990234375, 'ranging.distance5': 3.9609375, 'ranging.distance6': 1.5517578125, 'ranging.distance7': 2.482421875}
2022-07-26 11:42:29,681 {'ranging.distance0': 1.5622638463974, 'ranging.distance1': 4.01596212387085, 'ranging.distance2': 4.57008171081543, 'ranging.distance3': 2.3981547355651855, 'ranging.distance4': 2.951171875, 'ranging.distance5': 3.9609375, 'ranging.distance6': 1.6044921875, 'ranging.distance7': 2.482421875}
2022-07-26 11:42:29,689 {'ranging.distance0': 1.519275188446045, 'ranging.distance1': 4.073868274688721, 'ranging.distance2': 4.505561351776123, 'ranging.distance3': 2.3981547355651855, 'ranging.distance4': 2.951171875, 'ranging.distance5': 3.9609375, 'ranging.distance6': 1.6044921875, 'ranging.distance7': 2.478515625}
2022-07-26 11:42:29,698 {'ranging.distance0': 1.519275188446045, 'ranging.distance1': 4.073868274688721, 'ranging.distance2': 4.505561351776123, 'ranging.distance3': 2.35866641998291, 'ranging.distance4': 2.96875, 'ranging.distance5': 3.939453125, 'ranging.distance6': 1.6044921875, 'ranging.distance7': 2.478515625}
2022-07-26 11:42:29,708 {'ranging.distance0': 1.519275188446045, 'ranging.distance1': 4.039270877838135, 'ranging.distance2': 4.507747650146484, 'ranging.distance3': 2.35866641998291, 'ranging.distance4': 2.96875, 'ranging.distance5': 3.939453125, 'ranging.distance6': 1.6044921875, 'ranging.distance7': 2.478515625}
2022-07-26 11:42:29,718 {'ranging.distance0': 1.519275188446045, 'ranging.distance1': 4.039270877838135, 'ranging.distance2': 4.507747650146484, 'ranging.distance3': 2.3165283203125, 'ranging.distance4': 2.962890625, 'ranging.distance5': 3.970703125, 'ranging.distance6': 1.5859375, 'ranging.distance7': 2.478515625}
2022-07-26 11:42:29,728 {'ranging.distance0': 1.5362250804901123, 'ranging.distance1': 4.026158332824707, 'ranging.distance2': 4.544437408447266, 'ranging.distance3': 2.3165283203125, 'ranging.distance4': 2.962890625, 'ranging.distance5': 3.970703125, 'ranging.distance6': 1.5859375, 'ranging.distance7': 2.3984375}
2022-07-26 11:42:29,738 {'ranging.distance0': 1.5362250804901123, 'ranging.distance1': 4.026158332824707, 'ranging.distance2': 4.544437408447266, 'ranging.distance3': 2.3241586685180664, 'ranging.distance4': 2.9375, 'ranging.distance5': 3.939453125, 'ranging.distance6': 1.58203125, 'ranging.distance7': 2.3984375}
2022-07-26 11:42:29,751 {'ranging.distance0': 1.5563263893127441, 'ranging.distance1': 4.026158332824707, 'ranging.distance2': 4.571673393249512, 'ranging.distance3': 2.3241586685180664, 'ranging.distance4': 2.9375, 'ranging.distance5': 3.939453125, 'ranging.distance6': 1.58203125, 'ranging.distance7': 2.3984375}
2022-07-26 11:42:29,758 {'ranging.distance0': 1.5563263893127441, 'ranging.distance1': 4.026158332824707, 'ranging.distance2': 4.571673393249512, 'ranging.distance3': 2.336043357849121, 'ranging.distance4': 2.982421875, 'ranging.distance5': 3.953125, 'ranging.distance6': 1.5283203125, 'ranging.distance7': 2.3984375}
2022-07-26 11:42:29,768 {'ranging.distance0': 1.6736682653427124, 'ranging.distance1': 4.042263031005859, 'ranging.distance2': 4.546598434448242, 'ranging.distance3': 2.336043357849121, 'ranging.distance4': 2.982421875, 'ranging.distance5': 3.953125, 'ranging.distance6': 1.5283203125, 'ranging.distance7': 2.4765625}
2022-07-26 11:42:29,779 {'ranging.distance0': 1.6736682653427124, 'ranging.distance1': 4.042263031005859, 'ranging.distance2': 4.546598434448242, 'ranging.distance3': 2.360004186630249, 'ranging.distance4': 2.98046875, 'ranging.distance5': 3.890625, 'ranging.distance6': 1.5751953125, 'ranging.distance7': 2.4765625}
2022-07-26 11:42:29,789 {'ranging.distance0': 1.6736682653427124, 'ranging.distance1': 4.0377984046936035, 'ranging.distance2': 4.665923118591309, 'ranging.distance3': 2.360004186630249, 'ranging.distance4': 2.98046875, 'ranging.distance5': 3.890625, 'ranging.distance6': 1.5751953125, 'ranging.distance7': 2.4765625}
2022-07-26 11:42:29,799 {'ranging.distance0': 1.6736682653427124, 'ranging.distance1': 4.0377984046936035, 'ranging.distance2': 4.665923118591309, 'ranging.distance3': 2.2861876487731934, 'ranging.distance4': 2.98046875, 'ranging.distance5': 3.892578125, 'ranging.distance6': 1.5244140625, 'ranging.distance7': 2.4765625}
2022-07-26 11:42:29,810 {'ranging.distance0': 1.8243411779403687, 'ranging.distance1': 4.019514560699463, 'ranging.distance2': 4.625654697418213, 'ranging.distance3': 2.2861876487731934, 'ranging.distance4': 2.98046875, 'ranging.distance5': 3.892578125, 'ranging.distance6': 1.5244140625, 'ranging.distance7': 2.484375}
2022-07-26 11:42:29,817 {'ranging.distance0': 1.8243411779403687, 'ranging.distance1': 4.019514560699463, 'ranging.distance2': 4.625654697418213, 'ranging.distance3': 2.365138530731201, 'ranging.distance4': 2.97265625, 'ranging.distance5': 3.869140625, 'ranging.distance6': 1.5244140625, 'ranging.distance7': 2.484375}
2022-07-26 11:42:29,827 {'ranging.distance0': 1.7716909646987915, 'ranging.distance1': 4.064051151275635, 'ranging.distance2': 4.541041851043701, 'ranging.distance3': 2.365138530731201, 'ranging.distance4': 2.97265625, 'ranging.distance5': 3.869140625, 'ranging.distance6': 1.5244140625, 'ranging.distance7': 2.51171875}
2022-07-26 11:42:29,840 {'ranging.distance0': 1.7716909646987915, 'ranging.distance1': 4.064051151275635, 'ranging.distance2': 4.541041851043701, 'ranging.distance3': 2.360947370529175, 'ranging.distance4': 2.9375, 'ranging.distance5': 3.81640625, 'ranging.distance6': 1.4951171875, 'ranging.distance7': 2.51171875}
2022-07-26 11:42:29,847 {'ranging.distance0': 1.7652634382247925, 'ranging.distance1': 4.03217887878418, 'ranging.distance2': 4.553875923156738, 'ranging.distance3': 2.360947370529175, 'ranging.distance4': 2.9375, 'ranging.distance5': 3.81640625, 'ranging.distance6': 1.4951171875, 'ranging.distance7': 2.505859375}
2022-07-26 11:42:29,857 {'ranging.distance0': 1.7652634382247925, 'ranging.distance1': 4.03217887878418, 'ranging.distance2': 4.553875923156738, 'ranging.distance3': 2.4445581436157227, 'ranging.distance4': 2.966796875, 'ranging.distance5': 3.830078125, 'ranging.distance6': 1.5087890625, 'ranging.distance7': 2.505859375}
2022-07-26 11:42:29,867 {'ranging.distance0': 1.7177646160125732, 'ranging.distance1': 4.028881549835205, 'ranging.distance2': 4.5157928466796875, 'ranging.distance3': 2.4445581436157227, 'ranging.distance4': 2.966796875, 'ranging.distance5': 3.830078125, 'ranging.distance6': 1.5087890625, 'ranging.distance7': 2.515625}
2022-07-26 11:42:29,879 {'ranging.distance0': 1.7177646160125732, 'ranging.distance1': 4.028881549835205, 'ranging.distance2': 4.5157928466796875, 'ranging.distance3': 2.3618216514587402, 'ranging.distance4': 2.958984375, 'ranging.distance5': 3.775390625, 'ranging.distance6': 1.5087890625, 'ranging.distance7': 2.515625}
2022-07-26 11:42:29,889 {'ranging.distance0': 1.7036644220352173, 'ranging.distance1': 4.009647846221924, 'ranging.distance2': 4.493627548217773, 'ranging.distance3': 2.3618216514587402, 'ranging.distance4': 2.958984375, 'ranging.distance5': 3.775390625, 'ranging.distance6': 1.5087890625, 'ranging.distance7': 2.1171875}
2022-07-26 11:42:29,898 {'ranging.distance0': 1.7036644220352173, 'ranging.distance1': 4.009647846221924, 'ranging.distance2': 4.493627548217773, 'ranging.distance3': 2.4426662921905518, 'ranging.distance4': 2.9453125, 'ranging.distance5': 3.83984375, 'ranging.distance6': 1.5498046875, 'ranging.distance7': 2.1171875}
2022-07-26 11:42:29,908 {'ranging.distance0': 1.7128651142120361, 'ranging.distance1': 4.009647846221924, 'ranging.distance2': 4.5140061378479, 'ranging.distance3': 2.5000205039978027, 'ranging.distance4': 2.9453125, 'ranging.distance5': 3.83984375, 'ranging.distance6': 1.5498046875, 'ranging.distance7': 1.8154296875}
2022-07-26 11:42:29,918 {'ranging.distance0': 1.7128651142120361, 'ranging.distance1': 4.009647846221924, 'ranging.distance2': 4.5140061378479, 'ranging.distance3': 2.5000205039978027, 'ranging.distance4': 2.97265625, 'ranging.distance5': 3.8828125, 'ranging.distance6': 1.54296875, 'ranging.distance7': 1.791015625}
2022-07-26 11:42:29,928 {'ranging.distance0': 1.6872073411941528, 'ranging.distance1': 4.0425333976745605, 'ranging.distance2': 4.547033309936523, 'ranging.distance3': 2.3928046226501465, 'ranging.distance4': 2.97265625, 'ranging.distance5': 3.8828125, 'ranging.distance6': 1.54296875, 'ranging.distance7': 1.791015625}
2022-07-26 11:42:29,938 {'ranging.distance0': 1.6872073411941528, 'ranging.distance1': 4.0425333976745605, 'ranging.distance2': 4.547033309936523, 'ranging.distance3': 2.3928046226501465, 'ranging.distance4': 2.98828125, 'ranging.distance5': 3.8828125, 'ranging.distance6': 1.541015625, 'ranging.distance7': 1.8056640625}
2022-07-26 11:42:29,948 {'ranging.distance0': 1.6872073411941528, 'ranging.distance1': 4.0425333976745605, 'ranging.distance2': 4.5626068115234375, 'ranging.distance3': 2.398122549057007, 'ranging.distance4': 2.98828125, 'ranging.distance5': 3.8828125, 'ranging.distance6': 1.541015625, 'ranging.distance7': 1.8056640625}
2022-07-26 11:42:29,959 {'ranging.distance0': 1.6872073411941528, 'ranging.distance1': 4.0425333976745605, 'ranging.distance2': 4.5626068115234375, 'ranging.distance3': 2.398122549057007, 'ranging.distance4': 2.98828125, 'ranging.distance5': 4.0234375, 'ranging.distance6': 1.5615234375, 'ranging.distance7': 1.791015625}
2022-07-26 11:42:29,967 {'ranging.distance0': 1.6834300756454468, 'ranging.distance1': 4.077423572540283, 'ranging.distance2': 4.588518142700195, 'ranging.distance3': 2.502734422683716, 'ranging.distance4': 2.98828125, 'ranging.distance5': 4.0234375, 'ranging.distance6': 1.5615234375, 'ranging.distance7': 1.791015625}
2022-07-26 11:42:29,977 {'ranging.distance0': 1.6834300756454468, 'ranging.distance1': 4.077423572540283, 'ranging.distance2': 4.588518142700195, 'ranging.distance3': 2.502734422683716, 'ranging.distance4': 2.974609375, 'ranging.distance5': 4.0234375, 'ranging.distance6': 1.5595703125, 'ranging.distance7': 1.791015625}
2022-07-26 11:42:29,989 {'ranging.distance0': 1.6330827474594116, 'ranging.distance1': 4.013758659362793, 'ranging.distance2': 4.5749359130859375, 'ranging.distance3': 2.315103054046631, 'ranging.distance4': 2.974609375, 'ranging.distance5': 4.0234375, 'ranging.distance6': 1.5595703125, 'ranging.distance7': 1.791015625}
2022-07-26 11:42:29,999 {'ranging.distance0': 1.6532745361328125, 'ranging.distance1': 4.013758659362793, 'ranging.distance2': 4.5749359130859375, 'ranging.distance3': 2.315103054046631, 'ranging.distance4': 2.943359375, 'ranging.distance5': 4.0234375, 'ranging.distance6': 1.5556640625, 'ranging.distance7': 1.8916015625}
2022-07-26 11:42:30,011 {'ranging.distance0': 1.6532745361328125, 'ranging.distance1': 3.9904403686523438, 'ranging.distance2': 4.594937324523926, 'ranging.distance3': 2.2088568210601807, 'ranging.distance4': 2.966796875, 'ranging.distance5': 4.0234375, 'ranging.distance6': 1.5556640625, 'ranging.distance7': 1.8916015625}
2022-07-26 11:42:30,018 {'ranging.distance0': 1.6567232608795166, 'ranging.distance1': 3.9904403686523438, 'ranging.distance2': 4.594937324523926, 'ranging.distance3': 2.2088568210601807, 'ranging.distance4': 2.966796875, 'ranging.distance5': 4.0234375, 'ranging.distance6': 1.541015625, 'ranging.distance7': 2.140625}
2022-07-26 11:42:30,028 {'ranging.distance0': 1.6567232608795166, 'ranging.distance1': 3.9759585857391357, 'ranging.distance2': 4.587406635284424, 'ranging.distance3': 2.2088568210601807, 'ranging.distance4': 2.984375, 'ranging.distance5': 4.0234375, 'ranging.distance6': 1.541015625, 'ranging.distance7': 2.140625}
2022-07-26 11:42:30,037 {'ranging.distance0': 1.6366267204284668, 'ranging.distance1': 3.9759585857391357, 'ranging.distance2': 4.587406635284424, 'ranging.distance3': 2.2088568210601807, 'ranging.distance4': 2.984375, 'ranging.distance5': 4.0390625, 'ranging.distance6': 1.5341796875, 'ranging.distance7': 2.20703125}
2022-07-26 11:42:30,047 {'ranging.distance0': 1.6366267204284668, 'ranging.distance1': 3.9850828647613525, 'ranging.distance2': 4.66425895690918, 'ranging.distance3': 2.172391653060913, 'ranging.distance4': 2.970703125, 'ranging.distance5': 4.0390625, 'ranging.distance6': 1.5341796875, 'ranging.distance7': 2.20703125}
2022-07-26 11:42:30,057 {'ranging.distance0': 1.6899478435516357, 'ranging.distance1': 3.9850828647613525, 'ranging.distance2': 4.66425895690918, 'ranging.distance3': 2.172391653060913, 'ranging.distance4': 2.970703125, 'ranging.distance5': 4.0625, 'ranging.distance6': 1.515625, 'ranging.distance7': 2.212890625}
2022-07-26 11:42:30,071 {'ranging.distance0': 1.6899478435516357, 'ranging.distance1': 3.9850828647613525, 'ranging.distance2': 4.567154884338379, 'ranging.distance3': 2.1297006607055664, 'ranging.distance4': 2.943359375, 'ranging.distance5': 4.0625, 'ranging.distance6': 1.515625, 'ranging.distance7': 2.212890625}
2022-07-26 11:42:30,078 {'ranging.distance0': 1.67485511302948, 'ranging.distance1': 3.9850828647613525, 'ranging.distance2': 4.567154884338379, 'ranging.distance3': 2.1297006607055664, 'ranging.distance4': 2.943359375, 'ranging.distance5': 4.046875, 'ranging.distance6': 1.515625, 'ranging.distance7': 2.521484375}
2022-07-26 11:42:30,092 {'ranging.distance0': 1.67485511302948, 'ranging.distance1': 3.9869542121887207, 'ranging.distance2': 4.5270771980285645, 'ranging.distance3': 2.328181743621826, 'ranging.distance4': 2.943359375, 'ranging.distance5': 4.046875, 'ranging.distance6': 1.515625, 'ranging.distance7': 2.521484375}
2022-07-26 11:42:30,097 {'ranging.distance0': 1.6441984176635742, 'ranging.distance1': 3.9869542121887207, 'ranging.distance2': 4.5270771980285645, 'ranging.distance3': 2.328181743621826, 'ranging.distance4': 2.943359375, 'ranging.distance5': 4.08203125, 'ranging.distance6': 1.5634765625, 'ranging.distance7': 2.48828125}
2022-07-26 11:42:30,109 {'ranging.distance0': 1.6441984176635742, 'ranging.distance1': 3.9576401710510254, 'ranging.distance2': 4.564110279083252, 'ranging.distance3': 2.328181743621826, 'ranging.distance4': 2.947265625, 'ranging.distance5': 4.08203125, 'ranging.distance6': 1.5634765625, 'ranging.distance7': 2.48828125}
2022-07-26 11:42:30,118 {'ranging.distance0': 1.6707923412322998, 'ranging.distance1': 3.9576401710510254, 'ranging.distance2': 4.564110279083252, 'ranging.distance3': 2.328181743621826, 'ranging.distance4': 2.947265625, 'ranging.distance5': 4.00390625, 'ranging.distance6': 1.5546875, 'ranging.distance7': 2.5078125}
2022-07-26 11:42:30,129 {'ranging.distance0': 1.6707923412322998, 'ranging.distance1': 3.9576401710510254, 'ranging.distance2': 4.617087364196777, 'ranging.distance3': 2.157947301864624, 'ranging.distance4': 2.896484375, 'ranging.distance5': 4.00390625, 'ranging.distance6': 1.5546875, 'ranging.distance7': 2.5078125}
2022-07-26 11:42:30,137 {'ranging.distance0': 1.6912636756896973, 'ranging.distance1': 3.9576401710510254, 'ranging.distance2': 4.617087364196777, 'ranging.distance3': 2.157947301864624, 'ranging.distance4': 2.896484375, 'ranging.distance5': 4.04296875, 'ranging.distance6': 1.5625, 'ranging.distance7': 2.5078125}
2022-07-26 11:42:30,149 {'ranging.distance0': 1.6912636756896973, 'ranging.distance1': 3.978806495666504, 'ranging.distance2': 4.617087364196777, 'ranging.distance3': 2.157947301864624, 'ranging.distance4': 2.93359375, 'ranging.distance5': 4.04296875, 'ranging.distance6': 1.5625, 'ranging.distance7': 2.5078125}
2022-07-26 11:42:30,158 {'ranging.distance0': 1.6912636756896973, 'ranging.distance1': 3.978806495666504, 'ranging.distance2': 4.617087364196777, 'ranging.distance3': 2.157947301864624, 'ranging.distance4': 2.93359375, 'ranging.distance5': 4.03125, 'ranging.distance6': 1.5322265625, 'ranging.distance7': 2.48828125}
2022-07-26 11:42:30,169 {'ranging.distance0': 1.6912636756896973, 'ranging.distance1': 3.9833147525787354, 'ranging.distance2': 4.617087364196777, 'ranging.distance3': 2.1178035736083984, 'ranging.distance4': 2.93359375, 'ranging.distance5': 4.03125, 'ranging.distance6': 1.5322265625, 'ranging.distance7': 2.48828125}
2022-07-26 11:42:30,177 {'ranging.distance0': 1.6733381748199463, 'ranging.distance1': 3.9927117824554443, 'ranging.distance2': 4.617087364196777, 'ranging.distance3': 2.1178035736083984, 'ranging.distance4': 2.93359375, 'ranging.distance5': 4.046875, 'ranging.distance6': 1.5322265625, 'ranging.distance7': 2.51953125}
2022-07-26 11:42:30,187 {'ranging.distance0': 1.6733381748199463, 'ranging.distance1': 3.9927117824554443, 'ranging.distance2': 4.5341796875, 'ranging.distance3': 2.119584083557129, 'ranging.distance4': 2.8984375, 'ranging.distance5': 4.03515625, 'ranging.distance6': 1.5322265625, 'ranging.distance7': 2.51953125}
2022-07-26 11:42:30,198 {'ranging.distance0': 1.663154125213623, 'ranging.distance1': 3.9767024517059326, 'ranging.distance2': 4.5341796875, 'ranging.distance3': 2.119584083557129, 'ranging.distance4': 2.8984375, 'ranging.distance5': 4.03515625, 'ranging.distance6': 1.5390625, 'ranging.distance7': 2.5}
2022-07-26 11:42:30,209 {'ranging.distance0': 1.663154125213623, 'ranging.distance1': 3.9767024517059326, 'ranging.distance2': 4.502607822418213, 'ranging.distance3': 2.152886152267456, 'ranging.distance4': 2.919921875, 'ranging.distance5': 4.03515625, 'ranging.distance6': 1.5390625, 'ranging.distance7': 2.5}
2022-07-26 11:42:30,218 {'ranging.distance0': 1.6690001487731934, 'ranging.distance1': 4.010919570922852, 'ranging.distance2': 4.502607822418213, 'ranging.distance3': 2.152886152267456, 'ranging.distance4': 2.919921875, 'ranging.distance5': 4.03515625, 'ranging.distance6': 1.4970703125, 'ranging.distance7': 2.482421875}
2022-07-26 11:42:30,228 {'ranging.distance0': 1.6690001487731934, 'ranging.distance1': 4.010919570922852, 'ranging.distance2': 4.468817234039307, 'ranging.distance3': 2.106926918029785, 'ranging.distance4': 2.921875, 'ranging.distance5': 3.974609375, 'ranging.distance6': 1.4970703125, 'ranging.distance7': 2.482421875}
2022-07-26 11:42:30,239 {'ranging.distance0': 1.6660398244857788, 'ranging.distance1': 3.978926658630371, 'ranging.distance2': 4.468817234039307, 'ranging.distance3': 2.106926918029785, 'ranging.distance4': 2.921875, 'ranging.distance5': 3.974609375, 'ranging.distance6': 1.5029296875, 'ranging.distance7': 2.505859375}
2022-07-26 11:42:30,249 {'ranging.distance0': 1.6660398244857788, 'ranging.distance1': 3.978926658630371, 'ranging.distance2': 4.465125560760498, 'ranging.distance3': 2.106926918029785, 'ranging.distance4': 2.8984375, 'ranging.distance5': 3.9609375, 'ranging.distance6': 1.5029296875, 'ranging.distance7': 2.505859375}
2022-07-26 11:42:30,258 {'ranging.distance0': 1.6550427675247192, 'ranging.distance1': 3.978926658630371, 'ranging.distance2': 4.465125560760498, 'ranging.distance3': 2.106926918029785, 'ranging.distance4': 2.8984375, 'ranging.distance5': 3.9609375, 'ranging.distance6': 1.5166015625, 'ranging.distance7': 2.505859375}
2022-07-26 11:42:30,269 {'ranging.distance0': 1.6550427675247192, 'ranging.distance1': 3.978926658630371, 'ranging.distance2': 4.459720611572266, 'ranging.distance3': 2.106926918029785, 'ranging.distance4': 2.900390625, 'ranging.distance5': 3.9609375, 'ranging.distance6': 1.5166015625, 'ranging.distance7': 2.505859375}
2022-07-26 11:42:30,278 {'ranging.distance0': 1.6459976434707642, 'ranging.distance1': 3.978926658630371, 'ranging.distance2': 4.459720611572266, 'ranging.distance3': 2.106926918029785, 'ranging.distance4': 2.900390625, 'ranging.distance5': 3.9609375, 'ranging.distance6': 1.5078125, 'ranging.distance7': 2.47265625}
2022-07-26 11:42:30,289 {'ranging.distance0': 1.6459976434707642, 'ranging.distance1': 3.978926658630371, 'ranging.distance2': 4.4938063621521, 'ranging.distance3': 2.1458795070648193, 'ranging.distance4': 2.91015625, 'ranging.distance5': 4.01953125, 'ranging.distance6': 1.5078125, 'ranging.distance7': 2.47265625}
2022-07-26 11:42:30,298 {'ranging.distance0': 1.6459976434707642, 'ranging.distance1': 4.017970085144043, 'ranging.distance2': 4.4938063621521, 'ranging.distance3': 2.1458795070648193, 'ranging.distance4': 2.91015625, 'ranging.distance5': 4.01953125, 'ranging.distance6': 1.5126953125, 'ranging.distance7': 2.46484375}
2022-07-26 11:42:30,308 {'ranging.distance0': 1.6459976434707642, 'ranging.distance1': 4.017970085144043, 'ranging.distance2': 4.4800591468811035, 'ranging.distance3': 2.1838202476501465, 'ranging.distance4': 2.908203125, 'ranging.distance5': 4.05078125, 'ranging.distance6': 1.5126953125, 'ranging.distance7': 2.46484375}
2022-07-26 11:42:30,319 {'ranging.distance0': 1.6627240180969238, 'ranging.distance1': 4.047786235809326, 'ranging.distance2': 4.4800591468811035, 'ranging.distance3': 2.1838202476501465, 'ranging.distance4': 2.908203125, 'ranging.distance5': 4.05078125, 'ranging.distance6': 1.5205078125, 'ranging.distance7': 2.462890625}
2022-07-26 11:42:30,330 {'ranging.distance0': 1.6627240180969238, 'ranging.distance1': 4.047786235809326, 'ranging.distance2': 4.497165679931641, 'ranging.distance3': 2.0904219150543213, 'ranging.distance4': 2.91796875, 'ranging.distance5': 3.958984375, 'ranging.distance6': 1.5283203125, 'ranging.distance7': 2.462890625}
2022-07-26 11:42:30,339 {'ranging.distance0': 1.6981030702590942, 'ranging.distance1': 4.0145978927612305, 'ranging.distance2': 4.497165679931641, 'ranging.distance3': 2.0904219150543213, 'ranging.distance4': 2.91796875, 'ranging.distance5': 3.958984375, 'ranging.distance6': 1.5283203125, 'ranging.distance7': 2.470703125}
2022-07-26 11:42:30,351 {'ranging.distance0': 1.6981030702590942, 'ranging.distance1': 4.0145978927612305, 'ranging.distance2': 4.489529609680176, 'ranging.distance3': 2.0904219150543213, 'ranging.distance4': 2.91796875, 'ranging.distance5': 3.9921875, 'ranging.distance6': 1.5283203125, 'ranging.distance7': 2.470703125}
2022-07-26 11:42:30,364 {'ranging.distance0': 1.6534713506698608, 'ranging.distance1': 3.992981433868408, 'ranging.distance2': 4.489529609680176, 'ranging.distance3': 2.0967342853546143, 'ranging.distance4': 2.91796875, 'ranging.distance5': 3.9921875, 'ranging.distance6': 1.5283203125, 'ranging.distance7': 2.462890625}
2022-07-26 11:42:30,370 {'ranging.distance0': 1.6534713506698608, 'ranging.distance1': 3.992981433868408, 'ranging.distance2': 4.489529609680176, 'ranging.distance3': 2.0967342853546143, 'ranging.distance4': 2.89453125, 'ranging.distance5': 3.970703125, 'ranging.distance6': 1.529296875, 'ranging.distance7': 2.474609375}
2022-07-26 11:42:30,378 {'ranging.distance0': 1.6990653276443481, 'ranging.distance1': 4.027865409851074, 'ranging.distance2': 4.462873458862305, 'ranging.distance3': 2.179272413253784, 'ranging.distance4': 2.89453125, 'ranging.distance5': 3.970703125, 'ranging.distance6': 1.529296875, 'ranging.distance7': 2.474609375}
2022-07-26 11:42:30,387 {'ranging.distance0': 1.6990653276443481, 'ranging.distance1': 4.027865409851074, 'ranging.distance2': 4.462873458862305, 'ranging.distance3': 2.179272413253784, 'ranging.distance4': 2.865234375, 'ranging.distance5': 3.9453125, 'ranging.distance6': 1.5185546875, 'ranging.distance7': 2.484375}
2022-07-26 11:42:30,399 {'ranging.distance0': 1.693066954612732, 'ranging.distance1': 4.027865409851074, 'ranging.distance2': 4.49111270904541, 'ranging.distance3': 2.179272413253784, 'ranging.distance4': 2.865234375, 'ranging.distance5': 3.9453125, 'ranging.distance6': 1.5185546875, 'ranging.distance7': 2.484375}
2022-07-26 11:42:30,410 {'ranging.distance0': 1.693066954612732, 'ranging.distance1': 4.027865409851074, 'ranging.distance2': 4.49111270904541, 'ranging.distance3': 2.179272413253784, 'ranging.distance4': 2.896484375, 'ranging.distance5': 3.9765625, 'ranging.distance6': 1.517578125, 'ranging.distance7': 2.46484375}
2022-07-26 11:42:30,422 {'ranging.distance0': 1.6843082904815674, 'ranging.distance1': 4.031548500061035, 'ranging.distance2': 4.49111270904541, 'ranging.distance3': 2.1542043685913086, 'ranging.distance4': 2.869140625, 'ranging.distance5': 3.9765625, 'ranging.distance6': 1.517578125, 'ranging.distance7': 2.46484375}
2022-07-26 11:42:30,427 {'ranging.distance0': 1.6690397262573242, 'ranging.distance1': 4.031548500061035, 'ranging.distance2': 4.49111270904541, 'ranging.distance3': 2.1542043685913086, 'ranging.distance4': 2.869140625, 'ranging.distance5': 3.978515625, 'ranging.distance6': 1.546875, 'ranging.distance7': 2.47265625}
2022-07-26 11:42:30,443 {'ranging.distance0': 1.6690397262573242, 'ranging.distance1': 4.012688636779785, 'ranging.distance2': 4.457984924316406, 'ranging.distance3': 2.209212303161621, 'ranging.distance4': 2.861328125, 'ranging.distance5': 3.978515625, 'ranging.distance6': 1.546875, 'ranging.distance7': 2.47265625}
2022-07-26 11:42:30,449 {'ranging.distance0': 1.6690397262573242, 'ranging.distance1': 4.012688636779785, 'ranging.distance2': 4.457984924316406, 'ranging.distance3': 2.209212303161621, 'ranging.distance4': 2.861328125, 'ranging.distance5': 3.96875, 'ranging.distance6': 1.53125, 'ranging.distance7': 2.46484375}
2022-07-26 11:42:30,457 {'ranging.distance0': 1.6690397262573242, 'ranging.distance1': 3.987666606903076, 'ranging.distance2': 4.513253211975098, 'ranging.distance3': 2.2031235694885254, 'ranging.distance4': 2.861328125, 'ranging.distance5': 3.96875, 'ranging.distance6': 1.53125, 'ranging.distance7': 2.46484375}
2022-07-26 11:42:30,472 {'ranging.distance0': 1.6938283443450928, 'ranging.distance1': 3.987666606903076, 'ranging.distance2': 4.513253211975098, 'ranging.distance3': 2.2031235694885254, 'ranging.distance4': 2.861328125, 'ranging.distance5': 3.96875, 'ranging.distance6': 1.544921875, 'ranging.distance7': 2.48046875}
2022-07-26 11:42:30,478 {'ranging.distance0': 1.6938283443450928, 'ranging.distance1': 4.008594512939453, 'ranging.distance2': 4.525644779205322, 'ranging.distance3': 2.186757802963257, 'ranging.distance4': 2.90234375, 'ranging.distance5': 3.96875, 'ranging.distance6': 1.544921875, 'ranging.distance7': 2.48046875}
2022-07-26 11:42:30,487 {'ranging.distance0': 1.7089201211929321, 'ranging.distance1': 4.008594512939453, 'ranging.distance2': 4.525644779205322, 'ranging.distance3': 2.186757802963257, 'ranging.distance4': 2.90234375, 'ranging.distance5': 3.978515625, 'ranging.distance6': 1.5400390625, 'ranging.distance7': 2.46484375}
2022-07-26 11:42:30,501 {'ranging.distance0': 1.7089201211929321, 'ranging.distance1': 4.005641937255859, 'ranging.distance2': 4.525644779205322, 'ranging.distance3': 2.186757802963257, 'ranging.distance4': 2.88671875, 'ranging.distance5': 3.978515625, 'ranging.distance6': 1.5400390625, 'ranging.distance7': 2.46484375}
2022-07-26 11:42:30,508 {'ranging.distance0': 1.723339319229126, 'ranging.distance1': 4.08183479309082, 'ranging.distance2': 4.525644779205322, 'ranging.distance3': 2.186757802963257, 'ranging.distance4': 2.88671875, 'ranging.distance5': 3.958984375, 'ranging.distance6': 1.5400390625, 'ranging.distance7': 2.46484375}
2022-07-26 11:42:30,520 {'ranging.distance0': 1.723339319229126, 'ranging.distance1': 4.08183479309082, 'ranging.distance2': 4.505342960357666, 'ranging.distance3': 2.2331950664520264, 'ranging.distance4': 2.88671875, 'ranging.distance5': 3.95703125, 'ranging.distance6': 1.5400390625, 'ranging.distance7': 2.46484375}
2022-07-26 11:42:30,528 {'ranging.distance0': 1.723339319229126, 'ranging.distance1': 4.00193452835083, 'ranging.distance2': 4.505342960357666, 'ranging.distance3': 2.2331950664520264, 'ranging.distance4': 2.88671875, 'ranging.distance5': 3.95703125, 'ranging.distance6': 1.560546875, 'ranging.distance7': 2.46875}
2022-07-26 11:42:30,538 {'ranging.distance0': 1.723339319229126, 'ranging.distance1': 4.00193452835083, 'ranging.distance2': 4.50262975692749, 'ranging.distance3': 2.1611483097076416, 'ranging.distance4': 2.88671875, 'ranging.distance5': 3.95703125, 'ranging.distance6': 1.560546875, 'ranging.distance7': 2.46875}
2022-07-26 11:42:30,550 {'ranging.distance0': 1.6616524457931519, 'ranging.distance1': 4.028818607330322, 'ranging.distance2': 4.50262975692749, 'ranging.distance3': 2.1611483097076416, 'ranging.distance4': 2.88671875, 'ranging.distance5': 3.95703125, 'ranging.distance6': 1.57421875, 'ranging.distance7': 2.45703125}
2022-07-26 11:42:30,558 {'ranging.distance0': 1.6616524457931519, 'ranging.distance1': 4.028818607330322, 'ranging.distance2': 4.501404285430908, 'ranging.distance3': 2.1879384517669678, 'ranging.distance4': 2.849609375, 'ranging.distance5': 3.9453125, 'ranging.distance6': 1.57421875, 'ranging.distance7': 2.45703125}
2022-07-26 11:42:30,567 {'ranging.distance0': 1.688330888748169, 'ranging.distance1': 4.059826850891113, 'ranging.distance2': 4.501404285430908, 'ranging.distance3': 2.1879384517669678, 'ranging.distance4': 2.849609375, 'ranging.distance5': 3.9453125, 'ranging.distance6': 1.57421875, 'ranging.distance7': 2.47265625}
2022-07-26 11:42:30,578 {'ranging.distance0': 1.688330888748169, 'ranging.distance1': 4.059826850891113, 'ranging.distance2': 4.484562873840332, 'ranging.distance3': 2.2197234630584717, 'ranging.distance4': 2.841796875, 'ranging.distance5': 3.919921875, 'ranging.distance6': 1.57421875, 'ranging.distance7': 2.47265625}
2022-07-26 11:42:30,587 {'ranging.distance0': 1.688330888748169, 'ranging.distance1': 4.066067218780518, 'ranging.distance2': 4.484562873840332, 'ranging.distance3': 2.2197234630584717, 'ranging.distance4': 2.841796875, 'ranging.distance5': 3.919921875, 'ranging.distance6': 1.5634765625, 'ranging.distance7': 2.466796875}
2022-07-26 11:42:30,597 {'ranging.distance0': 1.688330888748169, 'ranging.distance1': 4.066067218780518, 'ranging.distance2': 4.531252384185791, 'ranging.distance3': 2.1772282123565674, 'ranging.distance4': 2.826171875, 'ranging.distance5': 3.919921875, 'ranging.distance6': 1.5634765625, 'ranging.distance7': 2.466796875}
2022-07-26 11:42:30,607 {'ranging.distance0': 1.685243844985962, 'ranging.distance1': 4.053598880767822, 'ranging.distance2': 4.531252384185791, 'ranging.distance3': 2.1772282123565674, 'ranging.distance4': 2.826171875, 'ranging.distance5': 3.919921875, 'ranging.distance6': 1.5634765625, 'ranging.distance7': 2.466796875}
2022-07-26 11:42:30,619 {'ranging.distance0': 1.685243844985962, 'ranging.distance1': 4.053598880767822, 'ranging.distance2': 4.485226631164551, 'ranging.distance3': 2.1772282123565674, 'ranging.distance4': 2.880859375, 'ranging.distance5': 3.947265625, 'ranging.distance6': 1.5634765625, 'ranging.distance7': 2.466796875}
2022-07-26 11:42:30,628 {'ranging.distance0': 1.685243844985962, 'ranging.distance1': 4.050804138183594, 'ranging.distance2': 4.485226631164551, 'ranging.distance3': 2.1772282123565674, 'ranging.distance4': 2.880859375, 'ranging.distance5': 3.947265625, 'ranging.distance6': 1.5703125, 'ranging.distance7': 2.466796875}
2022-07-26 11:42:30,637 {'ranging.distance0': 1.685243844985962, 'ranging.distance1': 4.050804138183594, 'ranging.distance2': 4.536840438842773, 'ranging.distance3': 2.239485263824463, 'ranging.distance4': 2.880859375, 'ranging.distance5': 3.94921875, 'ranging.distance6': 1.5703125, 'ranging.distance7': 2.466796875}
2022-07-26 11:42:30,649 {'ranging.distance0': 1.685243844985962, 'ranging.distance1': 4.050804138183594, 'ranging.distance2': 4.575588226318359, 'ranging.distance3': 2.239485263824463, 'ranging.distance4': 2.880859375, 'ranging.distance5': 3.94921875, 'ranging.distance6': 1.5673828125, 'ranging.distance7': 2.48046875}
2022-07-26 11:42:30,657 {'ranging.distance0': 1.685243844985962, 'ranging.distance1': 4.050804138183594, 'ranging.distance2': 4.575588226318359, 'ranging.distance3': 2.257850170135498, 'ranging.distance4': 2.828125, 'ranging.distance5': 3.94921875, 'ranging.distance6': 1.5673828125, 'ranging.distance7': 2.48046875}
2022-07-26 11:42:30,668 {'ranging.distance0': 1.696279525756836, 'ranging.distance1': 4.050804138183594, 'ranging.distance2': 4.550729751586914, 'ranging.distance3': 2.257850170135498, 'ranging.distance4': 2.828125, 'ranging.distance5': 3.94921875, 'ranging.distance6': 1.5673828125, 'ranging.distance7': 2.48046875}
2022-07-26 11:42:30,679 {'ranging.distance0': 1.696279525756836, 'ranging.distance1': 4.050804138183594, 'ranging.distance2': 4.550729751586914, 'ranging.distance3': 2.2624897956848145, 'ranging.distance4': 2.87109375, 'ranging.distance5': 3.958984375, 'ranging.distance6': 1.568359375, 'ranging.distance7': 2.48046875}
2022-07-26 11:42:30,687 {'ranging.distance0': 1.6904891729354858, 'ranging.distance1': 4.052643775939941, 'ranging.distance2': 4.514525890350342, 'ranging.distance3': 2.2624897956848145, 'ranging.distance4': 2.87109375, 'ranging.distance5': 3.958984375, 'ranging.distance6': 1.568359375, 'ranging.distance7': 2.48046875}
2022-07-26 11:42:30,701 {'ranging.distance0': 1.6904891729354858, 'ranging.distance1': 4.052643775939941, 'ranging.distance2': 4.514525890350342, 'ranging.distance3': 2.2276577949523926, 'ranging.distance4': 2.857421875, 'ranging.distance5': 3.939453125, 'ranging.distance6': 1.55859375, 'ranging.distance7': 2.48046875}
2022-07-26 11:42:30,709 {'ranging.distance0': 1.706903338432312, 'ranging.distance1': 4.003077030181885, 'ranging.distance2': 4.556164264678955, 'ranging.distance3': 2.2276577949523926, 'ranging.distance4': 2.857421875, 'ranging.distance5': 3.939453125, 'ranging.distance6': 1.55859375, 'ranging.distance7': 2.498046875}
2022-07-26 11:42:30,717 {'ranging.distance0': 1.706903338432312, 'ranging.distance1': 4.003077030181885, 'ranging.distance2': 4.556164264678955, 'ranging.distance3': 2.308736562728882, 'ranging.distance4': 2.857421875, 'ranging.distance5': 3.92578125, 'ranging.distance6': 1.6005859375, 'ranging.distance7': 2.48828125}
2022-07-26 11:42:30,727 {'ranging.distance0': 1.7041397094726562, 'ranging.distance1': 4.003077030181885, 'ranging.distance2': 4.546013832092285, 'ranging.distance3': 2.2668349742889404, 'ranging.distance4': 2.857421875, 'ranging.distance5': 3.92578125, 'ranging.distance6': 1.6005859375, 'ranging.distance7': 2.48828125}
2022-07-26 11:42:30,737 {'ranging.distance0': 1.7041397094726562, 'ranging.distance1': 4.003077030181885, 'ranging.distance2': 4.546013832092285, 'ranging.distance3': 2.2668349742889404, 'ranging.distance4': 2.84765625, 'ranging.distance5': 3.962890625, 'ranging.distance6': 1.5771484375, 'ranging.distance7': 2.4765625}
2022-07-26 11:42:30,747 {'ranging.distance0': 1.703962802886963, 'ranging.distance1': 4.022332191467285, 'ranging.distance2': 4.556412220001221, 'ranging.distance3': 2.2204606533050537, 'ranging.distance4': 2.84765625, 'ranging.distance5': 3.962890625, 'ranging.distance6': 1.5771484375, 'ranging.distance7': 2.4765625}
2022-07-26 11:42:30,764 {'ranging.distance0': 1.703962802886963, 'ranging.distance1': 4.022332191467285, 'ranging.distance2': 4.556412220001221, 'ranging.distance3': 2.2204606533050537, 'ranging.distance4': 2.87109375, 'ranging.distance5': 3.951171875, 'ranging.distance6': 1.564453125, 'ranging.distance7': 2.4765625}
2022-07-26 11:42:30,768 {'ranging.distance0': 1.6929012537002563, 'ranging.distance1': 4.029184341430664, 'ranging.distance2': 4.549073219299316, 'ranging.distance3': 2.2626214027404785, 'ranging.distance4': 2.87109375, 'ranging.distance5': 3.951171875, 'ranging.distance6': 1.564453125, 'ranging.distance7': 2.4765625}
2022-07-26 11:42:30,780 {'ranging.distance0': 1.6929012537002563, 'ranging.distance1': 4.029184341430664, 'ranging.distance2': 4.549073219299316, 'ranging.distance3': 2.2626214027404785, 'ranging.distance4': 2.876953125, 'ranging.distance5': 3.962890625, 'ranging.distance6': 1.5673828125, 'ranging.distance7': 2.50390625}
2022-07-26 11:42:31,226 Got link error callback [Too many packets lost] in state [2]
2022-07-26 11:42:31,226 Callback->Disconnected from [radio://0/80/2M/E7E7E7E7E7]
2022-07-26 11:42:31,227 Callback->Connection lost to [radio://0/80/2M/E7E7E7E7E7]: Too many packets lost
